C:\Microsoft Visual Studio\2022\Community\MSBuild\Microsoft\VC\v170\Microsoft.CppBuild.targets(495,5): warning MSB8004: Intermediate 目录未以斜杠结尾。  此生成实例将添加斜杠，因为必须有这个斜杠才能正确计算 Intermediate 目录。
C:\Microsoft Visual Studio\2022\Community\MSBuild\Microsoft\VC\v170\Microsoft.CppBuild.targets(496,5): warning MSB8004: Output 目录未以斜杠结尾。  此生成实例将添加斜杠，因为必须有这个斜杠才能正确计算 Output 目录。
  client.cpp
F:\A3-git_repos\WebSocket2\depends\include\CELL.hpp(1,1): warning C4819: 该文件包含不能在当前代码页(936)中表示的字符。请将该文件保存为 Unicode 格式以防止数据丢失
F:\A3-git_repos\WebSocket2\depends\include\Log.hpp(70,26): warning C4996: 'localtime': This function or variable may be unsafe. Consider using localtime_s instead. To disable deprecation, use _CRT_SECURE_NO_WARNINGS. See online help for details.
F:\A3-git_repos\WebSocket2\depends\include\Log.hpp(71,6): warning C4996: 'sprintf': This function or variable may be unsafe. Consider using sprintf_s instead. To disable deprecation, use _CRT_SECURE_NO_WARNINGS. See online help for details.
F:\A3-git_repos\WebSocket2\depends\include\Log.hpp(74,6): warning C4996: 'sprintf': This function or variable may be unsafe. Consider using sprintf_s instead. To disable deprecation, use _CRT_SECURE_NO_WARNINGS. See online help for details.
F:\A3-git_repos\WebSocket2\depends\include\Log.hpp(78,16): warning C4996: 'fopen': This function or variable may be unsafe. Consider using fopen_s instead. To disable deprecation, use _CRT_SECURE_NO_WARNINGS. See online help for details.
F:\A3-git_repos\WebSocket2\depends\include\Client.hpp(172,6): warning C4996: 'strncpy': This function or variable may be unsafe. Consider using strncpy_s instead. To disable deprecation, use _CRT_SECURE_NO_WARNINGS. See online help for details.
F:\A3-git_repos\WebSocket2\depends\include\TcpSelectClient.hpp(35,26): warning C4244: “参数”: 从“SOCKET”转换到“int”，可能丢失数据
F:\A3-git_repos\WebSocket2\depends\include\TcpSelectClient.hpp(38,26): warning C4244: “参数”: 从“SOCKET”转换到“int”，可能丢失数据
F:\A3-git_repos\WebSocket2\depends\include\HttpClientC.hpp(47,23): warning C4244: “=”: 从“__int64”转换到“int”，可能丢失数据
F:\A3-git_repos\WebSocket2\depends\include\HttpClientC.hpp(69,12): warning C4244: “初始化”: 从“__int64”转换到“int”，可能丢失数据
F:\A3-git_repos\WebSocket2\depends\include\HttpClientC.hpp(76,6): warning C4996: 'strncpy': This function or variable may be unsafe. Consider using strncpy_s instead. To disable deprecation, use _CRT_SECURE_NO_WARNINGS. See online help for details.
F:\A3-git_repos\WebSocket2\depends\include\TcpHttpClient.hpp(147,1): warning C4267: “参数”: 从“size_t”转换到“socklen_t”，可能丢失数据
F:\A3-git_repos\WebSocket2\depends\include\TcpHttpClient.hpp(220,1): warning C4267: “参数”: 从“size_t”转换到“int”，可能丢失数据
F:\A3-git_repos\WebSocket2\depends\include\TcpHttpClient.hpp(248,1): warning C4267: “=”: 从“size_t”转换到“int”，可能丢失数据
F:\A3-git_repos\WebSocket2\depends\include\TcpHttpClient.hpp(262,1): warning C4267: “参数”: 从“size_t”转换到“int”，可能丢失数据
F:\A3-git_repos\WebSocket2\depends\include\TcpHttpClient.hpp(252,5): warning C4996: 'sprintf': This function or variable may be unsafe. Consider using sprintf_s instead. To disable deprecation, use _CRT_SECURE_NO_WARNINGS. See online help for details.
F:\A3-git_repos\WebSocket2\EasyHttpClient\client.cpp(17,4): warning C4996: 'sprintf': This function or variable may be unsafe. Consider using sprintf_s instead. To disable deprecation, use _CRT_SECURE_NO_WARNINGS. See online help for details.
F:\A3-git_repos\WebSocket2\EasyHttpClient\client.cpp(35,4): warning C4996: 'sprintf': This function or variable may be unsafe. Consider using sprintf_s instead. To disable deprecation, use _CRT_SECURE_NO_WARNINGS. See online help for details.
F:\A3-git_repos\WebSocket2\EasyHttpClient\client.cpp(52,4): warning C4996: 'sprintf': This function or variable may be unsafe. Consider using sprintf_s instead. To disable deprecation, use _CRT_SECURE_NO_WARNINGS. See online help for details.
F:\A3-git_repos\WebSocket2\depends\include\Log.hpp(189,26): warning C4996: 'localtime': This function or variable may be unsafe. Consider using localtime_s instead. To disable deprecation, use _CRT_SECURE_NO_WARNINGS. See online help for details.
F:\A3-git_repos\WebSocket2\depends\include\Log.hpp(95): message : 查看对正在编译的函数 模板 实例化“void doyou::io::Log::EchoReal<char*>(bool,const char *,const char *,char *)”的引用
F:\A3-git_repos\WebSocket2\depends\include\Log.hpp(90): message : 查看对正在编译的函数 模板 实例化“void doyou::io::Log::PError<const char*>(const char *,const char *)”的引用
F:\A3-git_repos\WebSocket2\depends\include\TcpHttpClient.hpp(277): warning C4715: “doyou::io::TcpHttpClient::connet2ip”: 不是所有的控件路径都返回值
  EasyHttpClient.vcxproj -> F:\A3-git_repos\WebSocket2\bin\x64\Debug\EasyHttpClient.exe
